2026-04-22 22:22:55,765 | INFO | ==================================================
2026-04-22 22:22:55,765 | INFO | Starting EU Logistics Pipeline
2026-04-22 22:22:55,766 | INFO | Join year: 2022
2026-04-22 22:22:55,766 | INFO | ==================================================
2026-04-22 22:22:55,766 | INFO | Fetching World Bank LPI data...
2026-04-22 22:23:02,893 | INFO | 	Page 1/3 fetched (500 records)
2026-04-22 22:23:03,870 | INFO | 	Page 2/3 fetched (500 records)
2026-04-22 22:23:04,727 | INFO | 	Page 3/3 fetched (330 records)
2026-04-22 22:23:04,738 | INFO | World Bank LPI: 385 valid records across <bound method IndexOpsMixin.nunique of 0       AFE
4       AFE
5       AFW
9       AFW
10      ARB
       ... 
1315    YEM
1319    YEM
1324    ZMB
1325    ZWE
1329    ZWE
Name: iso3, Length: 385, dtype: object> countries
2026-04-22 22:23:04,740 | INFO | Fetching Eurostat road freight data...
2026-04-22 22:23:05,989 | INFO | Eurostat freight: 59 valid records across 30 countries
2026-04-22 22:23:05,991 | INFO | Joining datasets on year 2022...
2026-04-22 22:23:06,031 | INFO | Combined dataset: 29 countries matched
2026-04-22 22:23:06,049 | INFO | Output saved to: C:\dev\portfolio\project-4-pipeline\output\lpi_freight_2022_20260422.csv
2026-04-22 22:23:06,077 | INFO | Pipeline completed successfully
